<?xml version="1.0" encoding="UTF-8"?>
<!-- Generated by org.testng.reporters.JUnitXMLReporter -->
<testsuite hostname="Mypc" name="Test" tests="2" failures="1" timestamp="15 Nov 2016 03:36:31 GMT" time="17.284" errors="0">
  <testcase name="org_Empreg" time="6.503" classname="testNG.EmregTest"/>
  <testcase name="org_userreg" time="5.008" classname="testNG.UserregTest">
    <failure type="java.lang.NullPointerException">
      <![CDATA[java.lang.NullPointerException
	at testNG.UserregTest.org_userreg(UserregTest.java:19)
... Removed 24 stack frames]]>
    </failure>
  </testcase> <!-- org_userreg -->
</testsuite> <!-- Test -->
